This file contains any messages produced by compilers while
running configure, to aid debugging if configure makes a mistake.

It was created by daserfostscan configure 0.1, which was
generated by GNU Autoconf 2.64.  Invocation command line was

  $ /home/daser/daserfostscan/configure --enable-maintainer-mode --enable-maintainer-mode

## --------- ##
## Platform. ##
## --------- ##

hostname = hackers.net
uname -m = i686
uname -r = 2.6.31-14-generic
uname -s = Linux
uname -v = #48-Ubuntu SMP Fri Oct 16 14:04:26 UTC 2009

/usr/bin/uname -p = unknown
/bin/uname -X     = unknown

/bin/arch              = unknown
/usr/bin/arch -k       = unknown
/usr/convex/getsysinfo = unknown
/usr/bin/hostinfo      = unknown
/bin/machine           = unknown
/usr/bin/oslevel       = unknown
/bin/universe          = unknown

PATH: /home/daser/bin
PATH: /usr/local/sbin
PATH: /usr/local/bin
PATH: /usr/sbin
PATH: /usr/bin
PATH: /sbin
PATH: /bin
PATH: /usr/games


## ----------- ##
## Core tests. ##
## ----------- ##

configure:2260: checking for a BSD-compatible install
configure:2328: result: /usr/bin/install -c
configure:2339: checking whether build environment is sane
configure:2389: result: yes
configure:2530: checking for a thread-safe mkdir -p
configure:2569: result: /bin/mkdir -p
configure:2582: checking for gawk
configure:2612: result: no
configure:2582: checking for mawk
configure:2598: found /usr/bin/mawk
configure:2609: result: mawk
configure:2620: checking whether make sets $(MAKE)
configure:2642: result: yes
configure:2725: checking whether to enable maintainer-specific portions of Makefiles
configure:2734: result: yes
configure:2760: checking for style of include used by make
configure:2788: result: GNU
configure:2858: checking for gcc
configure:2874: found /usr/bin/gcc
configure:2885: result: gcc
configure:3114: checking for C compiler version
configure:3123: gcc --version >&5
gcc (Ubuntu 4.4.1-4ubuntu9) 4.4.1
Copyright (C) 2009 Free Software Foundation, Inc.
This is free software; see the source for copying conditions.  There is NO
warranty; not even for MERCHANTABILITY or FITNESS FOR A PARTICULAR PURPOSE.

configure:3134: $? = 0
configure:3123: gcc -v >&5
Using built-in specs.
Target: i486-linux-gnu
Configured with: ../src/configure -v --with-pkgversion='Ubuntu 4.4.1-4ubuntu9' --with-bugurl=file:///usr/share/doc/gcc-4.4/README.Bugs --enable-languages=c,c++,fortran,objc,obj-c++ --prefix=/usr --enable-shared --enable-multiarch --enable-linker-build-id --with-system-zlib --libexecdir=/usr/lib --without-included-gettext --enable-threads=posix --with-gxx-include-dir=/usr/include/c++/4.4 --program-suffix=-4.4 --enable-nls --enable-clocale=gnu --enable-libstdcxx-debug --enable-objc-gc --enable-targets=all --disable-werror --with-arch-32=i486 --with-tune=generic --enable-checking=release --build=i486-linux-gnu --host=i486-linux-gnu --target=i486-linux-gnu
Thread model: posix
gcc version 4.4.1 (Ubuntu 4.4.1-4ubuntu9) 
configure:3134: $? = 0
configure:3123: gcc -V >&5
gcc: '-V' option must have argument
configure:3134: $? = 1
configure:3123: gcc -qversion >&5
gcc: unrecognized option '-qversion'
gcc: no input files
configure:3134: $? = 1
configure:3156: checking for C compiler default output file name
configure:3178: gcc    conftest.c  >&5
configure:3182: $? = 0
configure:3219: result: a.out
configure:3235: checking whether the C compiler works
configure:3244: ./a.out
configure:3248: $? = 0
configure:3263: result: yes
configure:3270: checking whether we are cross compiling
configure:3272: result: no
configure:3275: checking for suffix of executables
configure:3282: gcc -o conftest    conftest.c  >&5
configure:3286: $? = 0
configure:3308: result: 
configure:3314: checking for suffix of object files
configure:3336: gcc -c   conftest.c >&5
configure:3340: $? = 0
configure:3361: result: o
configure:3365: checking whether we are using the GNU C compiler
configure:3384: gcc -c   conftest.c >&5
configure:3384: $? = 0
configure:3393: result: yes
configure:3402: checking whether gcc accepts -g
configure:3422: gcc -c -g  conftest.c >&5
configure:3422: $? = 0
configure:3463: result: yes
configure:3480: checking for gcc option to accept ISO C89
configure:3544: gcc  -c -g -O2  conftest.c >&5
configure:3544: $? = 0
configure:3557: result: none needed
configure:3579: checking dependency style of gcc
configure:3689: result: gcc3
configure:3705: checking for library containing strerror
configure:3736: gcc -o conftest -g -O2   conftest.c  >&5
configure:3736: $? = 0
configure:3753: result: none required
configure:3809: checking for gcc
configure:3836: result: gcc
configure:4065: checking for C compiler version
configure:4074: gcc --version >&5
gcc (Ubuntu 4.4.1-4ubuntu9) 4.4.1
Copyright (C) 2009 Free Software Foundation, Inc.
This is free software; see the source for copying conditions.  There is NO
warranty; not even for MERCHANTABILITY or FITNESS FOR A PARTICULAR PURPOSE.

configure:4085: $? = 0
configure:4074: gcc -v >&5
Using built-in specs.
Target: i486-linux-gnu
Configured with: ../src/configure -v --with-pkgversion='Ubuntu 4.4.1-4ubuntu9' --with-bugurl=file:///usr/share/doc/gcc-4.4/README.Bugs --enable-languages=c,c++,fortran,objc,obj-c++ --prefix=/usr --enable-shared --enable-multiarch --enable-linker-build-id --with-system-zlib --libexecdir=/usr/lib --without-included-gettext --enable-threads=posix --with-gxx-include-dir=/usr/include/c++/4.4 --program-suffix=-4.4 --enable-nls --enable-clocale=gnu --enable-libstdcxx-debug --enable-objc-gc --enable-targets=all --disable-werror --with-arch-32=i486 --with-tune=generic --enable-checking=release --build=i486-linux-gnu --host=i486-linux-gnu --target=i486-linux-gnu
Thread model: posix
gcc version 4.4.1 (Ubuntu 4.4.1-4ubuntu9) 
configure:4085: $? = 0
configure:4074: gcc -V >&5
gcc: '-V' option must have argument
configure:4085: $? = 1
configure:4074: gcc -qversion >&5
gcc: unrecognized option '-qversion'
gcc: no input files
configure:4085: $? = 1
configure:4089: checking whether we are using the GNU C compiler
configure:4117: result: yes
configure:4126: checking whether gcc accepts -g
configure:4187: result: yes
configure:4204: checking for gcc option to accept ISO C89
configure:4281: result: none needed
configure:4303: checking dependency style of gcc
configure:4413: result: gcc3
configure:4476: checking for gcc
configure:4503: result: gcc
configure:4732: checking for C compiler version
configure:4741: gcc --version >&5
gcc (Ubuntu 4.4.1-4ubuntu9) 4.4.1
Copyright (C) 2009 Free Software Foundation, Inc.
This is free software; see the source for copying conditions.  There is NO
warranty; not even for MERCHANTABILITY or FITNESS FOR A PARTICULAR PURPOSE.

configure:4752: $? = 0
configure:4741: gcc -v >&5
Using built-in specs.
Target: i486-linux-gnu
Configured with: ../src/configure -v --with-pkgversion='Ubuntu 4.4.1-4ubuntu9' --with-bugurl=file:///usr/share/doc/gcc-4.4/README.Bugs --enable-languages=c,c++,fortran,objc,obj-c++ --prefix=/usr --enable-shared --enable-multiarch --enable-linker-build-id --with-system-zlib --libexecdir=/usr/lib --without-included-gettext --enable-threads=posix --with-gxx-include-dir=/usr/include/c++/4.4 --program-suffix=-4.4 --enable-nls --enable-clocale=gnu --enable-libstdcxx-debug --enable-objc-gc --enable-targets=all --disable-werror --with-arch-32=i486 --with-tune=generic --enable-checking=release --build=i486-linux-gnu --host=i486-linux-gnu --target=i486-linux-gnu
Thread model: posix
gcc version 4.4.1 (Ubuntu 4.4.1-4ubuntu9) 
configure:4752: $? = 0
configure:4741: gcc -V >&5
gcc: '-V' option must have argument
configure:4752: $? = 1
configure:4741: gcc -qversion >&5
gcc: unrecognized option '-qversion'
gcc: no input files
configure:4752: $? = 1
configure:4756: checking whether we are using the GNU C compiler
configure:4784: result: yes
configure:4793: checking whether gcc accepts -g
configure:4854: result: yes
configure:4871: checking for gcc option to accept ISO C89
configure:4948: result: none needed
configure:4970: checking dependency style of gcc
configure:5080: result: gcc3
configure:5103: checking how to run the C preprocessor
configure:5134: gcc -E  conftest.c
configure:5134: $? = 0
configure:5148: gcc -E  conftest.c
conftest.c:11:28: error: ac_nonexistent.h: No such file or directory
configure:5148: $? = 1
configure: failed program was:
| /* confdefs.h */
| #define PACKAGE_NAME "daserfostscan"
| #define PACKAGE_TARNAME "daserfostscan"
| #define PACKAGE_VERSION "0.1"
| #define PACKAGE_STRING "daserfostscan 0.1"
| #define PACKAGE_BUGREPORT ""
| #define PACKAGE_URL ""
| #define PACKAGE "daserfostscan"
| #define VERSION "0.1"
| /* end confdefs.h.  */
| #include <ac_nonexistent.h>
configure:5173: result: gcc -E
configure:5193: gcc -E  conftest.c
configure:5193: $? = 0
configure:5207: gcc -E  conftest.c
conftest.c:11:28: error: ac_nonexistent.h: No such file or directory
configure:5207: $? = 1
configure: failed program was:
| /* confdefs.h */
| #define PACKAGE_NAME "daserfostscan"
| #define PACKAGE_TARNAME "daserfostscan"
| #define PACKAGE_VERSION "0.1"
| #define PACKAGE_STRING "daserfostscan 0.1"
| #define PACKAGE_BUGREPORT ""
| #define PACKAGE_URL ""
| #define PACKAGE "daserfostscan"
| #define VERSION "0.1"
| /* end confdefs.h.  */
| #include <ac_nonexistent.h>
configure:5236: checking for grep that handles long lines and -e
configure:5294: result: /bin/grep
configure:5299: checking for egrep
configure:5361: result: /bin/grep -E
configure:5366: checking for ANSI C header files
configure:5386: gcc -c -g -O2  conftest.c >&5
configure:5386: $? = 0
configure:5459: gcc -o conftest -g -O2   conftest.c  >&5
configure:5459: $? = 0
configure:5459: ./conftest
configure:5459: $? = 0
configure:5470: result: yes
configure:5513: checking build system type
configure:5527: result: i686-pc-linux-gnu
configure:5547: checking host system type
configure:5560: result: i686-pc-linux-gnu
configure:5580: checking for a sed that does not truncate output
configure:5644: result: /bin/sed
configure:5662: checking for fgrep
configure:5724: result: /bin/grep -F
configure:5759: checking for ld used by gcc
configure:5826: result: /usr/bin/ld
configure:5833: checking if the linker (/usr/bin/ld) is GNU ld
configure:5848: result: yes
configure:5860: checking for BSD- or MS-compatible name lister (nm)
configure:5909: result: /usr/bin/nm -B
configure:6027: checking the name lister (/usr/bin/nm -B) interface
configure:6034: gcc -c -g -O2  conftest.c >&5
configure:6037: /usr/bin/nm -B "conftest.o"
configure:6040: output
00000000 B some_variable
configure:6047: result: BSD nm
configure:6050: checking whether ln -s works
configure:6054: result: yes
configure:6062: checking the maximum length of command line arguments
configure:6182: result: 1572864
configure:6199: checking whether the shell understands some XSI constructs
configure:6209: result: yes
configure:6213: checking whether the shell understands "+="
configure:6219: result: yes
configure:6254: checking for /usr/bin/ld option to reload object files
configure:6261: result: -r
configure:6330: checking for objdump
configure:6346: found /usr/bin/objdump
configure:6357: result: objdump
configure:6389: checking how to recognize dependent libraries
configure:6585: result: pass_all
configure:6645: checking for ar
configure:6661: found /usr/bin/ar
configure:6672: result: ar
configure:6750: checking for strip
configure:6766: found /usr/bin/strip
configure:6777: result: strip
configure:6849: checking for ranlib
configure:6865: found /usr/bin/ranlib
configure:6876: result: ranlib
configure:6966: checking command to parse /usr/bin/nm -B output from gcc object
configure:7084: gcc -c -g -O2  conftest.c >&5
configure:7087: $? = 0
configure:7091: /usr/bin/nm -B conftest.o \| sed -n -e 's/^.*[	 ]\([ABCDGIRSTW][ABCDGIRSTW]*\)[	 ][	 ]*\([_A-Za-z][_A-Za-z0-9]*\)$/\1 \2 \2/p' \> conftest.nm
configure:7094: $? = 0
configure:7148: gcc -o conftest -g -O2   conftest.c conftstm.o >&5
configure:7151: $? = 0
configure:7189: result: ok
configure:7997: checking for sys/types.h
configure:7997: gcc -c -g -O2  conftest.c >&5
configure:7997: $? = 0
configure:7997: result: yes
configure:7997: checking for sys/stat.h
configure:7997: gcc -c -g -O2  conftest.c >&5
configure:7997: $? = 0
configure:7997: result: yes
configure:7997: checking for stdlib.h
configure:7997: gcc -c -g -O2  conftest.c >&5
configure:7997: $? = 0
configure:7997: result: yes
configure:7997: checking for string.h
configure:7997: gcc -c -g -O2  conftest.c >&5
configure:7997: $? = 0
configure:7997: result: yes
configure:7997: checking for memory.h
configure:7997: gcc -c -g -O2  conftest.c >&5
configure:7997: $? = 0
configure:7997: result: yes
configure:7997: checking for strings.h
configure:7997: gcc -c -g -O2  conftest.c >&5
configure:7997: $? = 0
configure:7997: result: yes
configure:7997: checking for inttypes.h
configure:7997: gcc -c -g -O2  conftest.c >&5
configure:7997: $? = 0
configure:7997: result: yes
configure:7997: checking for stdint.h
configure:7997: gcc -c -g -O2  conftest.c >&5
configure:7997: $? = 0
configure:7997: result: yes
configure:7997: checking for unistd.h
configure:7997: gcc -c -g -O2  conftest.c >&5
configure:7997: $? = 0
configure:7997: result: yes
configure:8012: checking for dlfcn.h
configure:8012: gcc -c -g -O2  conftest.c >&5
configure:8012: $? = 0
configure:8012: result: yes
configure:8196: checking for objdir
configure:8211: result: .libs
configure:8503: checking if gcc supports -fno-rtti -fno-exceptions
configure:8521: gcc -c -g -O2  -fno-rtti -fno-exceptions conftest.c >&5
cc1: warning: command line option "-fno-rtti" is valid for C++/ObjC++ but not for C
configure:8525: $? = 0
configure:8538: result: no
configure:8558: checking for gcc option to produce PIC
configure:8830: result: -fPIC -DPIC
configure:8842: checking if gcc PIC flag -fPIC -DPIC works
configure:8860: gcc -c -g -O2  -fPIC -DPIC -DPIC conftest.c >&5
configure:8864: $? = 0
configure:8877: result: yes
configure:8901: checking if gcc static flag -static works
configure:8929: result: yes
configure:8944: checking if gcc supports -c -o file.o
configure:8965: gcc -c -g -O2  -o out/conftest2.o conftest.c >&5
configure:8969: $? = 0
configure:8991: result: yes
configure:8999: checking if gcc supports -c -o file.o
configure:9046: result: yes
configure:9079: checking whether the gcc linker (/usr/bin/ld) supports shared libraries
configure:10069: result: yes
configure:10106: checking whether -lc should be explicitly linked in
configure:10111: gcc -c -g -O2  conftest.c >&5
configure:10114: $? = 0
configure:10129: gcc -shared conftest.o  -v -Wl,-soname -Wl,conftest -o conftest 2\>\&1 \| /bin/grep  -lc  \>/dev/null 2\>\&1
configure:10132: $? = 0
configure:10144: result: no
configure:10308: checking dynamic linker characteristics
configure:10741: gcc -o conftest -g -O2   -Wl,-rpath -Wl,/foo conftest.c  >&5
configure:10741: $? = 0
configure:10971: result: GNU/Linux ld.so
configure:11073: checking how to hardcode library paths into programs
configure:11098: result: immediate
configure:11618: checking whether stripping libraries is possible
configure:11623: result: yes
configure:11658: checking if libtool supports shared libraries
configure:11660: result: yes
configure:11663: checking whether to build shared libraries
configure:11684: result: yes
configure:11687: checking whether to build static libraries
configure:11691: result: yes
configure:11778: checking for pkg-config
configure:11796: found /usr/bin/pkg-config
configure:11808: result: /usr/bin/pkg-config
configure:11833: checking pkg-config is at least version 0.9.0
configure:11836: result: yes
configure:11847: checking for DASERFOSTSCAN
configure:11855: $PKG_CONFIG --exists --print-errors "gtk+-2.0 >= 2.12 sqlite3   "
configure:11858: $? = 0
configure:11873: $PKG_CONFIG --exists --print-errors "gtk+-2.0 >= 2.12 sqlite3   "
configure:11876: $? = 0
configure:11931: result: yes
configure:12071: creating ./config.status

## ---------------------- ##
## Running config.status. ##
## ---------------------- ##

This file was extended by daserfostscan config.status 0.1, which was
generated by GNU Autoconf 2.64.  Invocation command line was

  CONFIG_FILES    = 
  CONFIG_HEADERS  = 
  CONFIG_LINKS    = 
  CONFIG_COMMANDS = 
  $ ./config.status 

on hackers.net

config.status:1069: creating Makefile
config.status:1069: creating src/Makefile
config.status:1069: creating src/data/Makefile
config.status:1069: creating config.h
config.status:1289: executing depfiles commands
config.status:1289: executing libtool commands

## ---------------- ##
## Cache variables. ##
## ---------------- ##

ac_cv_build=i686-pc-linux-gnu
ac_cv_c_compiler_gnu=yes
ac_cv_env_CC_set=
ac_cv_env_CC_value=
ac_cv_env_CFLAGS_set=
ac_cv_env_CFLAGS_value=
ac_cv_env_CPPFLAGS_set=
ac_cv_env_CPPFLAGS_value=
ac_cv_env_CPP_set=
ac_cv_env_CPP_value=
ac_cv_env_DASERFOSTSCAN_CFLAGS_set=
ac_cv_env_DASERFOSTSCAN_CFLAGS_value=
ac_cv_env_DASERFOSTSCAN_LIBS_set=
ac_cv_env_DASERFOSTSCAN_LIBS_value=
ac_cv_env_LDFLAGS_set=
ac_cv_env_LDFLAGS_value=
ac_cv_env_LIBS_set=
ac_cv_env_LIBS_value=
ac_cv_env_PKG_CONFIG_set=
ac_cv_env_PKG_CONFIG_value=
ac_cv_env_build_alias_set=
ac_cv_env_build_alias_value=
ac_cv_env_host_alias_set=
ac_cv_env_host_alias_value=
ac_cv_env_target_alias_set=
ac_cv_env_target_alias_value=
ac_cv_header_dlfcn_h=yes
ac_cv_header_inttypes_h=yes
ac_cv_header_memory_h=yes
ac_cv_header_stdc=yes
ac_cv_header_stdint_h=yes
ac_cv_header_stdlib_h=yes
ac_cv_header_string_h=yes
ac_cv_header_strings_h=yes
ac_cv_header_sys_stat_h=yes
ac_cv_header_sys_types_h=yes
ac_cv_header_unistd_h=yes
ac_cv_host=i686-pc-linux-gnu
ac_cv_objext=o
ac_cv_path_EGREP='/bin/grep -E'
ac_cv_path_FGREP='/bin/grep -F'
ac_cv_path_GREP=/bin/grep
ac_cv_path_SED=/bin/sed
ac_cv_path_ac_pt_PKG_CONFIG=/usr/bin/pkg-config
ac_cv_path_install='/usr/bin/install -c'
ac_cv_path_mkdir=/bin/mkdir
ac_cv_prog_AWK=mawk
ac_cv_prog_CPP='gcc -E'
ac_cv_prog_ac_ct_AR=ar
ac_cv_prog_ac_ct_CC=gcc
ac_cv_prog_ac_ct_OBJDUMP=objdump
ac_cv_prog_ac_ct_RANLIB=ranlib
ac_cv_prog_ac_ct_STRIP=strip
ac_cv_prog_cc_c89=
ac_cv_prog_cc_g=yes
ac_cv_prog_make_make_set=yes
ac_cv_search_strerror='none required'
am_cv_CC_dependencies_compiler_type=gcc3
am_cv_prog_cc_stdc=
lt_cv_deplibs_check_method=pass_all
lt_cv_file_magic_cmd='$MAGIC_CMD'
lt_cv_file_magic_test_file=
lt_cv_ld_reload_flag=-r
lt_cv_nm_interface='BSD nm'
lt_cv_objdir=.libs
lt_cv_path_LD=/usr/bin/ld
lt_cv_path_NM='/usr/bin/nm -B'
lt_cv_prog_compiler_c_o=yes
lt_cv_prog_compiler_pic_works=yes
lt_cv_prog_compiler_rtti_exceptions=no
lt_cv_prog_compiler_static_works=yes
lt_cv_prog_gnu_ld=yes
lt_cv_sys_global_symbol_pipe='sed -n -e '\''s/^.*[	 ]\([ABCDGIRSTW][ABCDGIRSTW]*\)[	 ][	 ]*\([_A-Za-z][_A-Za-z0-9]*\)$/\1 \2 \2/p'\'''
lt_cv_sys_global_symbol_to_c_name_address='sed -n -e '\''s/^: \([^ ]*\) $/  {\"\1\", (void *) 0},/p'\'' -e '\''s/^[ABCDGIRSTW]* \([^ ]*\) \([^ ]*\)$/  {"\2", (void *) \&\2},/p'\'''
lt_cv_sys_global_symbol_to_c_name_address_lib_prefix='sed -n -e '\''s/^: \([^ ]*\) $/  {\"\1\", (void *) 0},/p'\'' -e '\''s/^[ABCDGIRSTW]* \([^ ]*\) \(lib[^ ]*\)$/  {"\2", (void *) \&\2},/p'\'' -e '\''s/^[ABCDGIRSTW]* \([^ ]*\) \([^ ]*\)$/  {"lib\2", (void *) \&\2},/p'\'''
lt_cv_sys_global_symbol_to_cdecl='sed -n -e '\''s/^T .* \(.*\)$/extern int \1();/p'\'' -e '\''s/^[ABCDGIRSTW]* .* \(.*\)$/extern char \1;/p'\'''
lt_cv_sys_max_cmd_len=1572864
pkg_cv_DASERFOSTSCAN_CFLAGS='-D_REENTRANT -I/usr/local/include/directfb -I/usr/include/gtk-2.0 -I/usr/lib/gtk-2.0/include -I/usr/include/atk-1.0 -I/usr/include/cairo -I/usr/include/pango-1.0 -I/usr/include/pixman-1 -I/usr/include/freetype2 -I/usr/include/directfb -I/usr/include/libpng12 -I/usr/include/glib-2.0 -I/usr/lib/glib-2.0/include  '
pkg_cv_DASERFOSTSCAN_LIBS='-lgtk-x11-2.0 -lgdk-x11-2.0 -latk-1.0 -lpangoft2-1.0 -lgdk_pixbuf-2.0 -lm -lpangocairo-1.0 -lgio-2.0 -lcairo -lpango-1.0 -lfreetype -lfontconfig -lgobject-2.0 -lgmodule-2.0 -lglib-2.0 -lsqlite3  '

## ----------------- ##
## Output variables. ##
## ----------------- ##

ACLOCAL='${SHELL} /home/daser/daserfostscan/missing --run aclocal-1.11'
AMDEPBACKSLASH='\'
AMDEP_FALSE='#'
AMDEP_TRUE=''
AMTAR='${SHELL} /home/daser/daserfostscan/missing --run tar'
AR='ar'
AUTOCONF='${SHELL} /home/daser/daserfostscan/missing --run autoconf'
AUTOHEADER='${SHELL} /home/daser/daserfostscan/missing --run autoheader'
AUTOMAKE='${SHELL} /home/daser/daserfostscan/missing --run automake-1.11'
AWK='mawk'
CC='gcc'
CCDEPMODE='depmode=gcc3'
CFLAGS='-g -O2'
CPP='gcc -E'
CPPFLAGS=''
CYGPATH_W='echo'
DASERFOSTSCAN_CFLAGS='-D_REENTRANT -I/usr/local/include/directfb -I/usr/include/gtk-2.0 -I/usr/lib/gtk-2.0/include -I/usr/include/atk-1.0 -I/usr/include/cairo -I/usr/include/pango-1.0 -I/usr/include/pixman-1 -I/usr/include/freetype2 -I/usr/include/directfb -I/usr/include/libpng12 -I/usr/include/glib-2.0 -I/usr/lib/glib-2.0/include  '
DASERFOSTSCAN_LIBS='-lgtk-x11-2.0 -lgdk-x11-2.0 -latk-1.0 -lpangoft2-1.0 -lgdk_pixbuf-2.0 -lm -lpangocairo-1.0 -lgio-2.0 -lcairo -lpango-1.0 -lfreetype -lfontconfig -lgobject-2.0 -lgmodule-2.0 -lglib-2.0 -lsqlite3  '
DEFS='-DHAVE_CONFIG_H'
DEPDIR='.deps'
DSYMUTIL=''
DUMPBIN=''
ECHO_C=''
ECHO_N='-n'
ECHO_T=''
EGREP='/bin/grep -E'
EXEEXT=''
FGREP='/bin/grep -F'
GREP='/bin/grep'
INSTALL_DATA='${INSTALL} -m 644'
INSTALL_PROGRAM='${INSTALL}'
INSTALL_SCRIPT='${INSTALL}'
INSTALL_STRIP_PROGRAM='$(install_sh) -c -s'
LD='/usr/bin/ld'
LDFLAGS=''
LIBOBJS=''
LIBS=''
LIBTOOL='$(SHELL) $(top_builddir)/libtool'
LIPO=''
LN_S='ln -s'
LTLIBOBJS=''
MAINT=''
MAINTAINER_MODE_FALSE='#'
MAINTAINER_MODE_TRUE=''
MAKEINFO='${SHELL} /home/daser/daserfostscan/missing --run makeinfo'
MKDIR_P='/bin/mkdir -p'
NM='/usr/bin/nm -B'
NMEDIT=''
OBJDUMP='objdump'
OBJEXT='o'
OTOOL64=''
OTOOL=''
PACKAGE='daserfostscan'
PACKAGE_BUGREPORT=''
PACKAGE_NAME='daserfostscan'
PACKAGE_STRING='daserfostscan 0.1'
PACKAGE_TARNAME='daserfostscan'
PACKAGE_URL=''
PACKAGE_VERSION='0.1'
PATH_SEPARATOR=':'
PKG_CONFIG='/usr/bin/pkg-config'
RANLIB='ranlib'
SED='/bin/sed'
SET_MAKE=''
SHELL='/bin/bash'
STRIP='strip'
VERSION='0.1'
ac_ct_CC='gcc'
ac_ct_DUMPBIN=''
am__EXEEXT_FALSE=''
am__EXEEXT_TRUE='#'
am__fastdepCC_FALSE='#'
am__fastdepCC_TRUE=''
am__include='include'
am__isrc=''
am__leading_dot='.'
am__quote=''
am__tar='${AMTAR} chof - "$$tardir"'
am__untar='${AMTAR} xf -'
bindir='${exec_prefix}/bin'
build='i686-pc-linux-gnu'
build_alias=''
build_cpu='i686'
build_os='linux-gnu'
build_vendor='pc'
datadir='${datarootdir}'
datarootdir='${prefix}/share'
docdir='${datarootdir}/doc/${PACKAGE_TARNAME}'
dvidir='${docdir}'
exec_prefix='${prefix}'
host='i686-pc-linux-gnu'
host_alias=''
host_cpu='i686'
host_os='linux-gnu'
host_vendor='pc'
htmldir='${docdir}'
includedir='${prefix}/include'
infodir='${datarootdir}/info'
install_sh='${SHELL} /home/daser/daserfostscan/install-sh'
libdir='${exec_prefix}/lib'
libexecdir='${exec_prefix}/libexec'
localedir='${datarootdir}/locale'
localstatedir='${prefix}/var'
lt_ECHO='echo'
mandir='${datarootdir}/man'
mkdir_p='/bin/mkdir -p'
oldincludedir='/usr/include'
pdfdir='${docdir}'
prefix='/usr/local'
program_transform_name='s,x,x,'
psdir='${docdir}'
sbindir='${exec_prefix}/sbin'
sharedstatedir='${prefix}/com'
sysconfdir='${prefix}/etc'
target_alias=''

## ----------- ##
## confdefs.h. ##
## ----------- ##

/* confdefs.h */
#define PACKAGE_NAME "daserfostscan"
#define PACKAGE_TARNAME "daserfostscan"
#define PACKAGE_VERSION "0.1"
#define PACKAGE_STRING "daserfostscan 0.1"
#define PACKAGE_BUGREPORT ""
#define PACKAGE_URL ""
#define PACKAGE "daserfostscan"
#define VERSION "0.1"
#define STDC_HEADERS 1
#define HAVE_SYS_TYPES_H 1
#define HAVE_SYS_STAT_H 1
#define HAVE_STDLIB_H 1
#define HAVE_STRING_H 1
#define HAVE_MEMORY_H 1
#define HAVE_STRINGS_H 1
#define HAVE_INTTYPES_H 1
#define HAVE_STDINT_H 1
#define HAVE_UNISTD_H 1
#define HAVE_DLFCN_H 1
#define LT_OBJDIR ".libs/"

configure: exit 0

## ---------------------- ##
## Running config.status. ##
## ---------------------- ##

This file was extended by daserfostscan config.status 0.1, which was
generated by GNU Autoconf 2.64.  Invocation command line was

  CONFIG_FILES    = 
  CONFIG_HEADERS  = 
  CONFIG_LINKS    = 
  CONFIG_COMMANDS = 
  $ ./config.status src/data/Makefile

on hackers.net

config.status:1069: creating src/data/Makefile
